<Talk>
  <Id>Test-Last-Test-First-TDD</Id>
  <SpeakerIds>
    <SpeakerId>Alexander-Kugushev</SpeakerId>
  </SpeakerIds>
  <Title>Test Last, Test First, TDD: когда применять тот или иной подход</Title>
  <Description>Война Test Last vs TDD идет уже много лет, то затухая, то разгораясь вновь. Непримиримые стороны готовы тратить сотни часов в попытке доказать абсурдность противоположной точки зрения.

К сожалению, в пылу битвы участники не замечают безусловные преимущества того или иного подхода, снижая таким образом свою продуктивность и лишая себя многих возможностей.

В докладе Александр рассмотрит преимущества и недостатки трех разных подходов: Test Last, Test First и TDD. В качестве примера будет поставлена сложная задача и выбрана наиболее подходящая методология для каждого из случаев.</Description>
  <SlidesUrl>https://github.com/DotNetRu/AuditBlobs/blob/master/slides/Test-Last-Test-First-TDD.pdf</SlidesUrl>
</Talk>